<KMIP>
<!--

     Key Management Interoperability Protocol Profiles Version 1.3
     Candidate OASIS Standard 01
     21 September 2016
     Copyright (c) OASIS Open 2016. All Rights Reserved.
     Source: http://docs.oasis-open.org/kmip/profiles/v1.3/cos01/test-cases/kmip-v1.3/mandatory/
     Latest version of the specification: http://docs.oasis-open.org/kmip/profiles/v1.3/kmip-profiles-v1.3.html
     TC IPR Statement: https://www.oasis-open.org/committees/kmip/ipr.php

-->
<RequestMessage>
<RequestHeader>
<ProtocolVersion>
<ProtocolVersionMajor type="Integer" value="1"/>
<ProtocolVersionMinor type="Integer" value="3"/>
</ProtocolVersion>
<Authentication>
<Credential>
<CredentialType type="Enumeration" value="UsernameAndPassword"/>
<CredentialValue>
<Username type="TextString" value="labsec-2"/>
<Password type="TextString" value="LabSECseclab123@"/>
</CredentialValue>
</Credential>
<Credential>
<CredentialType type="Enumeration" value="OTP" />
<CredentialValue>
<OTPCode type="Integer" value="@OTP" />
</CredentialValue>
</Credential>
</Authentication>
<BatchCount type="Integer" value="5"/>
</RequestHeader>
<BatchItem>
<Operation type="Enumeration" value="CreateKeyPair"/>
<RequestPayload>
<CommonTemplateAttribute>
<Attribute>
<AttributeName type="TextString" value="Cryptographic Algorithm"/>
<AttributeValue type="Enumeration" value="RSA"/>
</Attribute>
<Attribute>
<AttributeName type="TextString" value="Cryptographic Length"/>
<AttributeValue type="Integer" value="2048"/>
</Attribute>
</CommonTemplateAttribute>
<PrivateKeyTemplateAttribute>
<Attribute>
<AttributeName type="TextString" value="Name"/>
<AttributeValue>
<NameValue type="TextString" value="PrivKeyName"/>
<NameType type="Enumeration" value="UninterpretedTextString"/>
</AttributeValue>
</Attribute>
<Attribute>
<AttributeName type="TextString" value="Cryptographic Usage Mask"/>
<AttributeValue type="Integer" value="Sign"/>
</Attribute>
</PrivateKeyTemplateAttribute>
<PublicKeyTemplateAttribute>
<Attribute>
<AttributeName type="TextString" value="Name"/>
<AttributeValue>
<NameValue type="TextString" value="PubKeyName"/>
<NameType type="Enumeration" value="UninterpretedTextString"/>
</AttributeValue>
</Attribute>
<Attribute>
<AttributeName type="TextString" value="Cryptographic Usage Mask"/>
<AttributeValue type="Integer" value="Verify"/>
</Attribute>
</PublicKeyTemplateAttribute>
</RequestPayload>
</BatchItem>
<BatchItem>
<Operation type="Enumeration" value="Locate"/>
<RequestPayload>
<Attribute>
<AttributeName type="TextString" value="Name"/>
<AttributeValue>
<NameValue type="TextString" value="PrivKeyName"/>
<NameType type="Enumeration" value="UninterpretedTextString"/>
</AttributeValue>
</Attribute>
</RequestPayload>
</BatchItem>
<BatchItem>
<Operation type="Enumeration" value="Destroy"/>
<RequestPayload>
</RequestPayload>
</BatchItem>
<BatchItem>
<Operation type="Enumeration" value="Locate"/>
<RequestPayload>
<Attribute>
<AttributeName type="TextString" value="Name"/>
<AttributeValue>
<NameValue type="TextString" value="PubKeyName"/>
<NameType type="Enumeration" value="UninterpretedTextString"/>
</AttributeValue>
</Attribute>
</RequestPayload>
</BatchItem>
<BatchItem>
<Operation type="Enumeration" value="Destroy"/>
<RequestPayload>
</RequestPayload>
</BatchItem>
</RequestMessage>
<ResponseMessage>
<ResponseHeader>
<ProtocolVersion>
<ProtocolVersionMajor type="Integer" value="1"/>
<ProtocolVersionMinor type="Integer" value="3"/>
</ProtocolVersion>
<TimeStamp type="DateTime" value="$NOW"/>
<BatchCount type="Integer" value="5"/>
</ResponseHeader>
<BatchItem>
<Operation type="Enumeration" value="CreateKeyPair"/>
<ResultStatus type="Enumeration" value="Success"/>
<ResponsePayload>
<PrivateKeyUniqueIdentifier type="TextString" value="$UNIQUE_IDENTIFIER_0"/>
<PublicKeyUniqueIdentifier type="TextString" value="$UNIQUE_IDENTIFIER_1"/>
</ResponsePayload>
</BatchItem>
<BatchItem>
<Operation type="Enumeration" value="Locate"/>
<ResultStatus type="Enumeration" value="Success"/>
<ResponsePayload>
<LocatedItems type="Integer" value="1"/>
<UniqueIdentifier type="TextString" value="$UNIQUE_IDENTIFIER_0"/>
</ResponsePayload>
</BatchItem>
<BatchItem>
<Operation type="Enumeration" value="Destroy"/>
<ResultStatus type="Enumeration" value="Success"/>
<ResponsePayload>
<UniqueIdentifier type="TextString" value="$UNIQUE_IDENTIFIER_0"/>
</ResponsePayload>
</BatchItem>
<BatchItem>
<Operation type="Enumeration" value="Locate"/>
<ResultStatus type="Enumeration" value="Success"/>
<ResponsePayload>
<LocatedItems type="Integer" value="1"/>
<UniqueIdentifier type="TextString" value="$UNIQUE_IDENTIFIER_1"/>
</ResponsePayload>
</BatchItem>
<BatchItem>
<Operation type="Enumeration" value="Destroy"/>
<ResultStatus type="Enumeration" value="Success"/>
<ResponsePayload>
<UniqueIdentifier type="TextString" value="$UNIQUE_IDENTIFIER_1"/>
</ResponsePayload>
</BatchItem>
</ResponseMessage>
</KMIP>